# Logfile created on Mon Aug 25 22:34:44 PDT 2008 by logger.rb/1.5.2.7
[25/Aug/2008:22:34:44 :: 470] starting
[25/Aug/2008:22:52:42 :: 470] asked to stop immediately
[25/Aug/2008:22:52:42 :: 470] stopping after explicit exit
[25/Aug/2008:22:52:50 :: 658] starting
[26/Aug/2008:23:19:16 :: 658] asked to stop immediately
[26/Aug/2008:23:19:16 :: 658] stopping after explicit exit
[26/Aug/2008:23:19:27 :: 8903] starting
[04/Sep/2008:21:57:22 :: 8903] asked to stop immediately
[04/Sep/2008:21:57:22 :: 8903] stopping after explicit exit
[18/Sep/2008:19:22:27 :: 22717] starting
[18/Sep/2008:22:06:18 :: 22717] asked to stop immediately
[18/Sep/2008:22:06:18 :: 22717] stopping after explicit exit
[18/Sep/2008:22:06:28 :: 24002] starting
[18/Sep/2008:22:55:08 :: 24002] asked to stop immediately
[18/Sep/2008:22:55:08 :: 24002] stopping after explicit exit
[18/Sep/2008:22:55:19 :: 24392] starting
[20/Sep/2008:12:49:04 :: 24392] asked to stop immediately
[20/Sep/2008:12:49:04 :: 24392] stopping after explicit exit
[20/Sep/2008:12:49:44 :: 41627] starting
[21/Sep/2008:15:36:42 :: 41627] asked to stop immediately
[21/Sep/2008:15:36:42 :: 41627] stopping after explicit exit
[21/Sep/2008:15:36:52 :: 54282] starting
[23/Sep/2008:22:57:23 :: 54282] asked to stop immediately
[23/Sep/2008:22:57:23 :: 54282] stopping after explicit exit
[23/Sep/2008:22:57:35 :: 90880] starting
[24/Sep/2008:00:19:55 :: 90880] asked to stop immediately
[24/Sep/2008:00:19:55 :: 90880] stopping after explicit exit
[24/Sep/2008:00:20:10 :: 92123] starting
[24/Sep/2008:00:42:52 :: 92123] asked to stop immediately
[24/Sep/2008:00:42:52 :: 92123] stopping after explicit exit
[24/Sep/2008:00:54:52 :: 92682] starting
[24/Sep/2008:01:12:04 :: 92682] asked to stop immediately
[24/Sep/2008:01:12:04 :: 92682] stopping after explicit exit
[24/Sep/2008:01:13:08 :: 92968] starting
[24/Sep/2008:22:34:40 :: 92968] asked to stop immediately
[24/Sep/2008:22:34:40 :: 92968] stopping after explicit exit
[24/Sep/2008:22:34:52 :: 11956] starting
[25/Sep/2008:22:32:27 :: 11956] asked to stop immediately
[25/Sep/2008:22:32:27 :: 11956] stopping after explicit exit
[25/Sep/2008:22:32:43 :: 33083] starting
[25/Sep/2008:23:03:45 :: 33083] asked to stop immediately
[25/Sep/2008:23:03:45 :: 33083] stopping after explicit exit
[25/Sep/2008:23:03:56 :: 33595] starting
[25/Sep/2008:23:04:27 :: 33595] asked to stop immediately
[25/Sep/2008:23:04:27 :: 33595] stopping after explicit exit
[25/Sep/2008:23:04:39 :: 33623] starting
[25/Sep/2008:23:06:26 :: 33623] asked to stop immediately
[25/Sep/2008:23:06:26 :: 33623] stopping after explicit exit
[25/Sep/2008:23:06:36 :: 33675] starting
[25/Sep/2008:23:12:04 :: 33675] asked to stop immediately
[25/Sep/2008:23:12:04 :: 33675] stopping after explicit exit
[25/Sep/2008:23:12:20 :: 33773] starting
[25/Sep/2008:23:14:15 :: 33773] asked to stop immediately
[25/Sep/2008:23:14:15 :: 33773] stopping after explicit exit
[25/Sep/2008:23:14:26 :: 33813] starting
[25/Sep/2008:23:19:35 :: 33813] asked to stop immediately
[25/Sep/2008:23:19:35 :: 33813] stopping after explicit exit
[25/Sep/2008:23:19:46 :: 33907] starting
[26/Sep/2008:00:49:46 :: 33907] asked to stop immediately
[26/Sep/2008:00:49:46 :: 33907] stopping after explicit exit
[26/Sep/2008:00:49:58 :: 35344] starting
[26/Sep/2008:00:57:24 :: 35344] asked to stop immediately
[26/Sep/2008:00:57:24 :: 35344] stopping after explicit exit
[26/Sep/2008:00:58:34 :: 35517] starting
[26/Sep/2008:01:05:59 :: 35517] asked to stop immediately
[26/Sep/2008:01:05:59 :: 35517] stopping after explicit exit
[26/Sep/2008:01:06:11 :: 35642] starting
[28/Sep/2008:09:26:57 :: 35642] asked to stop immediately
[28/Sep/2008:09:26:57 :: 35642] stopping after explicit exit
[28/Sep/2008:09:27:09 :: 88558] starting
[28/Sep/2008:09:32:55 :: 88558] asked to stop immediately
[28/Sep/2008:09:32:55 :: 88558] stopping after explicit exit
[28/Sep/2008:09:33:07 :: 88680] starting
[28/Sep/2008:09:34:54 :: 88680] asked to stop immediately
[28/Sep/2008:09:34:54 :: 88680] stopping after explicit exit
[28/Sep/2008:09:35:03 :: 88742] starting
[28/Sep/2008:09:36:39 :: 88742] asked to stop immediately
[28/Sep/2008:09:36:39 :: 88742] stopping after explicit exit
[28/Sep/2008:09:36:51 :: 88774] starting
[28/Sep/2008:22:45:10 :: 88774] asked to stop immediately
[28/Sep/2008:22:45:10 :: 88774] stopping after explicit exit
[28/Sep/2008:22:45:22 :: 4909] starting
[28/Sep/2008:23:12:31 :: 4909] asked to stop immediately
[28/Sep/2008:23:12:31 :: 4909] stopping after explicit exit
[28/Sep/2008:23:12:43 :: 5529] starting
[28/Sep/2008:23:16:49 :: 5529] asked to stop immediately
[28/Sep/2008:23:16:49 :: 5529] stopping after explicit exit
[28/Sep/2008:23:17:00 :: 5640] starting
[28/Sep/2008:23:18:47 :: 5640] asked to stop immediately
[28/Sep/2008:23:18:47 :: 5640] stopping after explicit exit
[28/Sep/2008:23:19:03 :: 5691] starting
[28/Sep/2008:23:19:33 :: 5691] asked to stop immediately
[28/Sep/2008:23:19:33 :: 5691] stopping after explicit exit
[28/Sep/2008:23:19:45 :: 5715] starting
[28/Sep/2008:23:27:11 :: 5715] asked to stop immediately
[28/Sep/2008:23:27:11 :: 5715] stopping after explicit exit
[28/Sep/2008:23:33:31 :: 6104] starting
[29/Sep/2008:00:53:41 :: 6104] asked to stop immediately
[29/Sep/2008:00:53:41 :: 6104] stopping after explicit exit
[29/Sep/2008:00:53:52 :: 7882] starting
[29/Sep/2008:01:55:47 :: 7882] asked to stop immediately
[29/Sep/2008:01:55:47 :: 7882] stopping after explicit exit
[29/Sep/2008:01:55:58 :: 9285] starting
[29/Sep/2008:21:41:31 :: 9285] asked to stop immediately
[29/Sep/2008:21:41:31 :: 9285] stopping after explicit exit
[29/Sep/2008:21:41:41 :: 28169] starting
[30/Sep/2008:20:44:27 :: 66210] starting
[30/Sep/2008:23:08:05 :: 66857] starting
[30/Sep/2008:23:27:15 :: 66986] starting
