2008-08-25 22:34:40: (log.c.75) server started 
2008-08-25 22:52:42: (server.c.1361) [note] graceful shutdown started 
2008-08-25 22:52:42: (server.c.1475) server stopped by UID = 501 PID = 443 
2008-08-25 22:52:46: (log.c.75) server started 
2008-08-26 23:19:16: (server.c.1361) [note] graceful shutdown started 
2008-08-26 23:19:17: (server.c.1475) server stopped by UID = 501 PID = 443 
2008-08-26 23:19:23: (log.c.75) server started 
2008-09-04 21:57:22: (server.c.1361) [note] graceful shutdown started 
2008-09-04 21:57:24: (server.c.1475) server stopped by UID = 501 PID = 443 
2008-09-16 21:56:12: (log.c.75) server started 
2008-09-16 21:59:58: (mod_fastcgi.c.1743) connect failed: Connection refused on unix:/Users/bmiller/rails/oma/tmp/sockets/fcgi.socket-0 
2008-09-16 21:59:58: (mod_fastcgi.c.2912) backend died; we'll disable it for 5 seconds and send the request to another backend instead: reconnects: 0 load: 1 
2008-09-16 22:00:02: (mod_fastcgi.c.2471) unexpected end-of-file (perhaps the fastcgi process died): pid: 5308 socket: unix:/Users/bmiller/rails/oma/tmp/sockets/fcgi.socket-0 
2008-09-16 22:00:02: (mod_fastcgi.c.3281) response not received, request sent: 852 on socket: unix:/Users/bmiller/rails/oma/tmp/sockets/fcgi.socket-0 for /dispatch.fcgi , closing connection 
2008-09-16 22:00:15: (server.c.1361) [note] graceful shutdown started 
2008-09-16 22:00:15: (server.c.1475) server stopped by UID = 501 PID = 5033 
2008-09-16 22:00:22: (log.c.75) server started 
2008-09-16 22:00:25: (mod_fastcgi.c.2471) unexpected end-of-file (perhaps the fastcgi process died): pid: 5322 socket: unix:/Users/bmiller/rails/oma/tmp/sockets/fcgi.socket-0 
2008-09-16 22:00:25: (mod_fastcgi.c.3234) child exited, pid: 5322 status: 1 
2008-09-16 22:00:25: (mod_fastcgi.c.3281) response not received, request sent: 852 on socket: unix:/Users/bmiller/rails/oma/tmp/sockets/fcgi.socket-0 for /dispatch.fcgi , closing connection 
2008-09-18 19:22:18: (mod_fastcgi.c.1743) connect failed: Connection refused on unix:/Users/bmiller/rails/oma/tmp/sockets/fcgi.socket-0 
2008-09-18 19:22:18: (mod_fastcgi.c.2912) backend died; we'll disable it for 5 seconds and send the request to another backend instead: reconnects: 0 load: 1 
2008-09-18 22:06:18: (server.c.1361) [note] graceful shutdown started 
2008-09-18 22:06:18: (server.c.1475) server stopped by UID = 501 PID = 5033 
2008-09-18 22:06:24: (log.c.75) server started 
2008-09-18 22:55:08: (server.c.1361) [note] graceful shutdown started 
2008-09-18 22:55:09: (server.c.1475) server stopped by UID = 501 PID = 5033 
2008-09-18 22:55:15: (log.c.75) server started 
2008-09-20 12:49:04: (server.c.1361) [note] graceful shutdown started 
2008-09-20 12:49:04: (server.c.1475) server stopped by UID = 501 PID = 5033 
2008-09-20 12:49:38: (log.c.75) server started 
2008-09-21 15:36:42: (server.c.1361) [note] graceful shutdown started 
2008-09-21 15:36:42: (server.c.1475) server stopped by UID = 501 PID = 5033 
2008-09-21 15:36:48: (log.c.75) server started 
2008-09-21 17:31:10: (mod_fastcgi.c.2592) FastCGI-stderr: /Users/bmiller/rails/oma/app/views/members/_form.html.erb:22: warning: parenthesize argument(s) for future version
/Users/bmiller/rails/oma/app/views/members/_form.html.erb:22: warning: parenthesize argument(s) for future version
/Users/bmiller/rails/oma/app/views/members/_form.html.erb:22: warning: parenthesize argument(s) for future version
/Users/bmiller/rails/oma/app/views/members/_form.html.erb:22: warning: parenthesize argument(s) for future version
/Users/bmiller/rails/oma/app/views/members/_ 
2008-09-21 17:31:11: (mod_fastcgi.c.2592) FastCGI-stderr: form.html.erb:22: warning: parenthesize argument(s) for future version
/Users/bmiller/rails/oma/app/views/members/_form.html.erb:22: warning: parenthesize argument(s) for future version
/Users/bmiller/rails/oma/app/views/members/_form.html.erb:22: warning: parenthesize argument(s) for future version
 
2008-09-21 23:05:00: (mod_fastcgi.c.2592) FastCGI-stderr: /Users/bmiller/rails/oma/app/views/sessions/_login_form.html.erb:1: warning: string literal in condition
 
2008-09-23 22:57:23: (server.c.1361) [note] graceful shutdown started 
2008-09-23 22:57:23: (server.c.1475) server stopped by UID = 501 PID = 5033 
2008-09-23 22:57:30: (log.c.75) server started 
2008-09-24 00:19:55: (server.c.1361) [note] graceful shutdown started 
2008-09-24 00:19:56: (server.c.1475) server stopped by UID = 501 PID = 5033 
2008-09-24 00:20:03: (log.c.75) server started 
2008-09-24 00:42:52: (server.c.1361) [note] graceful shutdown started 
2008-09-24 00:42:52: (server.c.1475) server stopped by UID = 501 PID = 5033 
2008-09-24 00:42:58: (log.c.75) server started 
2008-09-24 00:43:02: (mod_fastcgi.c.2471) unexpected end-of-file (perhaps the fastcgi process died): pid: 92477 socket: unix:/Users/bmiller/rails/oma/tmp/sockets/fcgi.socket-0 
2008-09-24 00:43:02: (mod_fastcgi.c.3234) child exited, pid: 92477 status: 1 
2008-09-24 00:43:02: (mod_fastcgi.c.3281) response not received, request sent: 1264 on socket: unix:/Users/bmiller/rails/oma/tmp/sockets/fcgi.socket-0 for /dispatch.fcgi , closing connection 
2008-09-24 00:50:49: (mod_fastcgi.c.1743) connect failed: Connection refused on unix:/Users/bmiller/rails/oma/tmp/sockets/fcgi.socket-0 
2008-09-24 00:50:49: (mod_fastcgi.c.2912) backend died; we'll disable it for 5 seconds and send the request to another backend instead: reconnects: 0 load: 1 
2008-09-24 00:50:54: (mod_fastcgi.c.2471) unexpected end-of-file (perhaps the fastcgi process died): pid: 92590 socket: unix:/Users/bmiller/rails/oma/tmp/sockets/fcgi.socket-0 
2008-09-24 00:50:54: (mod_fastcgi.c.3234) child exited, pid: 92590 status: 1 
2008-09-24 00:50:54: (mod_fastcgi.c.3281) response not received, request sent: 1263 on socket: unix:/Users/bmiller/rails/oma/tmp/sockets/fcgi.socket-0 for /dispatch.fcgi , closing connection 
2008-09-24 00:50:59: (mod_fastcgi.c.1743) connect failed: Connection refused on unix:/Users/bmiller/rails/oma/tmp/sockets/fcgi.socket-0 
2008-09-24 00:50:59: (mod_fastcgi.c.2912) backend died; we'll disable it for 5 seconds and send the request to another backend instead: reconnects: 0 load: 1 
2008-09-24 00:51:03: (mod_fastcgi.c.2471) unexpected end-of-file (perhaps the fastcgi process died): pid: 92594 socket: unix:/Users/bmiller/rails/oma/tmp/sockets/fcgi.socket-0 
2008-09-24 00:51:03: (mod_fastcgi.c.3234) child exited, pid: 92594 status: 1 
2008-09-24 00:51:03: (mod_fastcgi.c.3281) response not received, request sent: 1207 on socket: unix:/Users/bmiller/rails/oma/tmp/sockets/fcgi.socket-0 for /dispatch.fcgi , closing connection 
2008-09-24 00:51:07: (server.c.1361) [note] graceful shutdown started 
2008-09-24 00:51:09: (server.c.1475) server stopped by UID = 501 PID = 5033 
2008-09-24 00:51:15: (log.c.75) server started 
2008-09-24 00:51:19: (mod_fastcgi.c.2471) unexpected end-of-file (perhaps the fastcgi process died): pid: 92611 socket: unix:/Users/bmiller/rails/oma/tmp/sockets/fcgi.socket-0 
2008-09-24 00:51:19: (mod_fastcgi.c.3234) child exited, pid: 92611 status: 1 
2008-09-24 00:51:19: (mod_fastcgi.c.3281) response not received, request sent: 1124 on socket: unix:/Users/bmiller/rails/oma/tmp/sockets/fcgi.socket-0 for /dispatch.fcgi , closing connection 
2008-09-24 00:51:30: (mod_fastcgi.c.1743) connect failed: Connection refused on unix:/Users/bmiller/rails/oma/tmp/sockets/fcgi.socket-0 
2008-09-24 00:51:30: (mod_fastcgi.c.2912) backend died; we'll disable it for 5 seconds and send the request to another backend instead: reconnects: 0 load: 1 
2008-09-24 00:51:34: (mod_fastcgi.c.2471) unexpected end-of-file (perhaps the fastcgi process died): pid: 92617 socket: unix:/Users/bmiller/rails/oma/tmp/sockets/fcgi.socket-0 
2008-09-24 00:51:34: (mod_fastcgi.c.3234) child exited, pid: 92617 status: 1 
2008-09-24 00:51:34: (mod_fastcgi.c.3281) response not received, request sent: 1172 on socket: unix:/Users/bmiller/rails/oma/tmp/sockets/fcgi.socket-0 for /dispatch.fcgi , closing connection 
2008-09-24 00:52:58: (server.c.1361) [note] graceful shutdown started 
2008-09-24 00:52:58: (server.c.1475) server stopped by UID = 501 PID = 5033 
2008-09-24 00:54:47: (log.c.75) server started 
2008-09-24 01:12:04: (server.c.1361) [note] graceful shutdown started 
2008-09-24 01:12:04: (server.c.1475) server stopped by UID = 501 PID = 5033 
2008-09-24 01:12:08: (log.c.75) server started 
2008-09-24 01:12:12: (mod_fastcgi.c.2471) unexpected end-of-file (perhaps the fastcgi process died): pid: 92947 socket: unix:/Users/bmiller/rails/oma/tmp/sockets/fcgi.socket-0 
2008-09-24 01:12:12: (mod_fastcgi.c.3234) child exited, pid: 92947 status: 1 
2008-09-24 01:12:12: (mod_fastcgi.c.3281) response not received, request sent: 1823 on socket: unix:/Users/bmiller/rails/oma/tmp/sockets/fcgi.socket-0 for /dispatch.fcgi , closing connection 
2008-09-24 01:12:58: (server.c.1361) [note] graceful shutdown started 
2008-09-24 01:12:58: (server.c.1475) server stopped by UID = 501 PID = 5033 
2008-09-24 01:13:04: (log.c.75) server started 
2008-09-24 22:34:40: (server.c.1361) [note] graceful shutdown started 
2008-09-24 22:34:40: (server.c.1475) server stopped by UID = 501 PID = 5033 
2008-09-24 22:34:46: (log.c.75) server started 
2008-09-25 22:32:27: (server.c.1361) [note] graceful shutdown started 
2008-09-25 22:32:27: (server.c.1475) server stopped by UID = 501 PID = 5033 
2008-09-25 22:32:37: (log.c.75) server started 
2008-09-25 23:03:45: (server.c.1361) [note] graceful shutdown started 
2008-09-25 23:03:45: (server.c.1475) server stopped by UID = 501 PID = 5033 
2008-09-25 23:03:50: (log.c.75) server started 
2008-09-25 23:04:27: (server.c.1361) [note] graceful shutdown started 
2008-09-25 23:04:27: (server.c.1475) server stopped by UID = 501 PID = 5033 
2008-09-25 23:04:34: (log.c.75) server started 
2008-09-25 23:06:26: (server.c.1361) [note] graceful shutdown started 
2008-09-25 23:06:26: (server.c.1475) server stopped by UID = 501 PID = 5033 
2008-09-25 23:06:30: (log.c.75) server started 
2008-09-25 23:12:04: (server.c.1361) [note] graceful shutdown started 
2008-09-25 23:12:08: (server.c.1475) server stopped by UID = 501 PID = 5033 
2008-09-25 23:12:14: (log.c.75) server started 
2008-09-25 23:14:15: (server.c.1361) [note] graceful shutdown started 
2008-09-25 23:14:16: (server.c.1475) server stopped by UID = 501 PID = 5033 
2008-09-25 23:14:21: (log.c.75) server started 
2008-09-25 23:19:35: (server.c.1361) [note] graceful shutdown started 
2008-09-25 23:19:35: (server.c.1475) server stopped by UID = 501 PID = 5033 
2008-09-25 23:19:40: (log.c.75) server started 
2008-09-26 00:49:46: (server.c.1361) [note] graceful shutdown started 
2008-09-26 00:49:46: (server.c.1475) server stopped by UID = 501 PID = 5033 
2008-09-26 00:49:52: (log.c.75) server started 
2008-09-26 00:57:24: (server.c.1361) [note] graceful shutdown started 
2008-09-26 00:57:24: (server.c.1475) server stopped by UID = 501 PID = 5033 
2008-09-26 00:57:29: (log.c.75) server started 
2008-09-26 00:57:33: (mod_fastcgi.c.2471) unexpected end-of-file (perhaps the fastcgi process died): pid: 35473 socket: unix:/Users/bmiller/rails/oma/tmp/sockets/fcgi.socket-0 
2008-09-26 00:57:33: (mod_fastcgi.c.3234) child exited, pid: 35473 status: 1 
2008-09-26 00:57:33: (mod_fastcgi.c.3281) response not received, request sent: 1216 on socket: unix:/Users/bmiller/rails/oma/tmp/sockets/fcgi.socket-0 for /dispatch.fcgi , closing connection 
2008-09-26 00:57:43: (server.c.1361) [note] graceful shutdown started 
2008-09-26 00:57:43: (server.c.1475) server stopped by UID = 501 PID = 5033 
2008-09-26 00:57:56: (log.c.75) server started 
2008-09-26 00:58:00: (mod_fastcgi.c.2471) unexpected end-of-file (perhaps the fastcgi process died): pid: 35496 socket: unix:/Users/bmiller/rails/oma/tmp/sockets/fcgi.socket-0 
2008-09-26 00:58:00: (mod_fastcgi.c.3234) child exited, pid: 35496 status: 1 
2008-09-26 00:58:00: (mod_fastcgi.c.3281) response not received, request sent: 1191 on socket: unix:/Users/bmiller/rails/oma/tmp/sockets/fcgi.socket-0 for /dispatch.fcgi , closing connection 
2008-09-26 00:58:24: (server.c.1361) [note] graceful shutdown started 
2008-09-26 00:58:24: (server.c.1475) server stopped by UID = 501 PID = 5033 
2008-09-26 00:58:29: (log.c.75) server started 
2008-09-26 01:05:59: (server.c.1361) [note] graceful shutdown started 
2008-09-26 01:05:59: (server.c.1475) server stopped by UID = 501 PID = 5033 
2008-09-26 01:06:04: (log.c.75) server started 
2008-09-28 09:26:57: (server.c.1361) [note] graceful shutdown started 
2008-09-28 09:26:57: (server.c.1475) server stopped by UID = 501 PID = 5033 
2008-09-28 09:27:03: (log.c.75) server started 
2008-09-28 09:32:55: (server.c.1361) [note] graceful shutdown started 
2008-09-28 09:32:55: (server.c.1475) server stopped by UID = 501 PID = 5033 
2008-09-28 09:33:01: (log.c.75) server started 
2008-09-28 09:34:54: (server.c.1361) [note] graceful shutdown started 
2008-09-28 09:34:54: (server.c.1475) server stopped by UID = 501 PID = 5033 
2008-09-28 09:34:58: (log.c.75) server started 
2008-09-28 09:36:39: (server.c.1361) [note] graceful shutdown started 
2008-09-28 09:36:40: (server.c.1475) server stopped by UID = 501 PID = 5033 
2008-09-28 09:36:46: (log.c.75) server started 
2008-09-28 22:45:10: (server.c.1361) [note] graceful shutdown started 
2008-09-28 22:45:10: (server.c.1475) server stopped by UID = 501 PID = 5033 
2008-09-28 22:45:16: (log.c.75) server started 
2008-09-28 22:59:45: (mod_fastcgi.c.2592) FastCGI-stderr: /Users/bmiller/rails/oma/app/controllers/users_controller.rb:87: warning: don't put space before argument parentheses
 
2008-09-28 23:00:08: (mod_fastcgi.c.2592) FastCGI-stderr: /Users/bmiller/rails/oma/app/controllers/users_controller.rb:87: warning: don't put space before argument parentheses
 
2008-09-28 23:12:31: (server.c.1361) [note] graceful shutdown started 
2008-09-28 23:12:31: (server.c.1475) server stopped by UID = 501 PID = 5033 
2008-09-28 23:12:36: (log.c.75) server started 
2008-09-28 23:16:49: (server.c.1361) [note] graceful shutdown started 
2008-09-28 23:16:49: (server.c.1475) server stopped by UID = 501 PID = 5033 
2008-09-28 23:16:54: (log.c.75) server started 
2008-09-28 23:18:47: (server.c.1361) [note] graceful shutdown started 
2008-09-28 23:18:51: (server.c.1475) server stopped by UID = 501 PID = 5033 
2008-09-28 23:18:57: (log.c.75) server started 
2008-09-28 23:19:33: (server.c.1361) [note] graceful shutdown started 
2008-09-28 23:19:33: (server.c.1475) server stopped by UID = 501 PID = 5033 
2008-09-28 23:19:37: (log.c.75) server started 
2008-09-28 23:27:11: (server.c.1361) [note] graceful shutdown started 
2008-09-28 23:27:11: (server.c.1475) server stopped by UID = 501 PID = 5033 
2008-09-28 23:27:16: (log.c.75) server started 
2008-09-28 23:27:22: (mod_fastcgi.c.2471) unexpected end-of-file (perhaps the fastcgi process died): pid: 5923 socket: unix:/Users/bmiller/rails/oma/tmp/sockets/fcgi.socket-0 
2008-09-28 23:27:22: (mod_fastcgi.c.3234) child exited, pid: 5923 status: 1 
2008-09-28 23:27:22: (mod_fastcgi.c.3281) response not received, request sent: 1289 on socket: unix:/Users/bmiller/rails/oma/tmp/sockets/fcgi.socket-0 for /dispatch.fcgi , closing connection 
2008-09-28 23:28:19: (server.c.1361) [note] graceful shutdown started 
2008-09-28 23:28:19: (server.c.1475) server stopped by UID = 501 PID = 5033 
2008-09-28 23:28:24: (log.c.75) server started 
2008-09-28 23:28:28: (mod_fastcgi.c.2471) unexpected end-of-file (perhaps the fastcgi process died): pid: 5965 socket: unix:/Users/bmiller/rails/oma/tmp/sockets/fcgi.socket-0 
2008-09-28 23:28:28: (mod_fastcgi.c.3234) child exited, pid: 5965 status: 1 
2008-09-28 23:28:28: (mod_fastcgi.c.3281) response not received, request sent: 1235 on socket: unix:/Users/bmiller/rails/oma/tmp/sockets/fcgi.socket-0 for /dispatch.fcgi , closing connection 
2008-09-28 23:29:15: (mod_fastcgi.c.1743) connect failed: Connection refused on unix:/Users/bmiller/rails/oma/tmp/sockets/fcgi.socket-0 
2008-09-28 23:29:15: (mod_fastcgi.c.2912) backend died; we'll disable it for 5 seconds and send the request to another backend instead: reconnects: 0 load: 1 
2008-09-28 23:29:18: (server.c.1361) [note] graceful shutdown started 
2008-09-28 23:29:18: (mod_fastcgi.c.2471) unexpected end-of-file (perhaps the fastcgi process died): pid: 5982 socket: unix:/Users/bmiller/rails/oma/tmp/sockets/fcgi.socket-0 
2008-09-28 23:29:18: (mod_fastcgi.c.3234) child exited, pid: 5982 status: 1 
2008-09-28 23:29:18: (mod_fastcgi.c.3281) response not received, request sent: 1235 on socket: unix:/Users/bmiller/rails/oma/tmp/sockets/fcgi.socket-0 for /dispatch.fcgi , closing connection 
2008-09-28 23:29:24: (server.c.1475) server stopped by UID = 501 PID = 5033 
2008-09-28 23:29:30: (log.c.75) server started 
2008-09-28 23:29:35: (mod_fastcgi.c.2471) unexpected end-of-file (perhaps the fastcgi process died): pid: 5997 socket: unix:/Users/bmiller/rails/oma/tmp/sockets/fcgi.socket-0 
2008-09-28 23:29:35: (mod_fastcgi.c.3234) child exited, pid: 5997 status: 1 
2008-09-28 23:29:35: (mod_fastcgi.c.3281) response not received, request sent: 1235 on socket: unix:/Users/bmiller/rails/oma/tmp/sockets/fcgi.socket-0 for /dispatch.fcgi , closing connection 
2008-09-28 23:33:18: (server.c.1361) [note] graceful shutdown started 
2008-09-28 23:33:18: (server.c.1475) server stopped by UID = 501 PID = 5033 
2008-09-28 23:33:24: (log.c.75) server started 
2008-09-29 00:53:41: (server.c.1361) [note] graceful shutdown started 
2008-09-29 00:53:41: (server.c.1475) server stopped by UID = 501 PID = 5033 
2008-09-29 00:53:46: (log.c.75) server started 
2008-09-29 01:03:34: (mod_fastcgi.c.2592) FastCGI-stderr: /Users/bmiller/rails/oma/app/models/member_update.rb:17: warning: don't put space before argument parentheses
 
2008-09-29 01:04:07: (mod_fastcgi.c.2592) FastCGI-stderr: /Users/bmiller/rails/oma/app/models/member_update.rb:16: warning: don't put space before argument parentheses
 
2008-09-29 01:04:40: (mod_fastcgi.c.2592) FastCGI-stderr: /Users/bmiller/rails/oma/app/models/member_update.rb:17: warning: don't put space before argument parentheses
 
2008-09-29 01:06:42: (mod_fastcgi.c.2592) FastCGI-stderr: /Users/bmiller/rails/oma/app/models/member_update.rb:15: warning: don't put space before argument parentheses
 
2008-09-29 01:07:19: (mod_fastcgi.c.2592) FastCGI-stderr: /Users/bmiller/rails/oma/app/models/member_update.rb:14: warning: don't put space before argument parentheses
 
2008-09-29 01:08:07: (mod_fastcgi.c.2592) FastCGI-stderr: /Users/bmiller/rails/oma/app/models/member_update.rb:12: warning: don't put space before argument parentheses
 
2008-09-29 01:08:47: (mod_fastcgi.c.2592) FastCGI-stderr: /Users/bmiller/rails/oma/app/models/member_update.rb:13: warning: don't put space before argument parentheses
 
2008-09-29 01:08:54: (mod_fastcgi.c.2592) FastCGI-stderr: /Users/bmiller/rails/oma/app/models/member_update.rb:13: warning: don't put space before argument parentheses
 
2008-09-29 01:09:04: (mod_fastcgi.c.2592) FastCGI-stderr: /Users/bmiller/rails/oma/app/models/member_update.rb:13: warning: don't put space before argument parentheses
 
2008-09-29 01:09:11: (mod_fastcgi.c.2592) FastCGI-stderr: /Users/bmiller/rails/oma/app/models/member_update.rb:13: warning: don't put space before argument parentheses
 
2008-09-29 01:09:18: (mod_fastcgi.c.2592) FastCGI-stderr: /Users/bmiller/rails/oma/app/models/member_update.rb:13: warning: don't put space before argument parentheses
 
2008-09-29 01:55:47: (server.c.1361) [note] graceful shutdown started 
2008-09-29 01:55:47: (server.c.1475) server stopped by UID = 501 PID = 5033 
2008-09-29 01:55:52: (log.c.75) server started 
2008-09-29 01:59:58: (mod_fastcgi.c.2592) FastCGI-stderr: /Users/bmiller/rails/oma/app/views/member_updates/edit.html.erb:11: warning: parenthesize argument(s) for future version
 
2008-09-29 21:10:05: (mod_fastcgi.c.2592) FastCGI-stderr: /Users/bmiller/rails/oma/app/controllers/users_controller.rb:87: warning: don't put space before argument parentheses
 
2008-09-29 21:41:31: (server.c.1361) [note] graceful shutdown started 
2008-09-29 21:41:31: (server.c.1475) server stopped by UID = 501 PID = 5033 
2008-09-29 21:41:36: (log.c.75) server started 
